<?xml version="1.0" encoding="UTF-8"?>
<!-- Generated by org.testng.reporters.JUnitReportReporter -->
<testsuite hostname="DESKTOP-D36MUAQ" failures="0" tests="14" name="Rest_Assured.Day1" time="6.743" errors="0" timestamp="2024-02-02T17:22:08 IST" skipped="13">
  <testcase classname="Rest_Assured.Day1" name="Delayedres" time="6.743"/>
  <system-out/>
  <testcase classname="Rest_Assured.Day1" name="Create">
    <skipped/>
  </testcase> <!-- Create -->
  <system-out/>
  <testcase classname="Rest_Assured.Day1" name="singleresource">
    <skipped/>
  </testcase> <!-- singleresource -->
  <system-out/>
  <testcase classname="Rest_Assured.Day1" name="Singleuser">
    <skipped/>
  </testcase> <!-- Singleuser -->
  <system-out/>
  <testcase classname="Rest_Assured.Day1" name="Loginunsu">
    <skipped/>
  </testcase> <!-- Loginunsu -->
  <system-out/>
  <testcase classname="Rest_Assured.Day1" name="LoginSucc">
    <skipped/>
  </testcase> <!-- LoginSucc -->
  <system-out/>
  <testcase classname="Rest_Assured.Day1" name="RegisterSucc">
    <skipped/>
  </testcase> <!-- RegisterSucc -->
  <system-out/>
  <testcase classname="Rest_Assured.Day1" name="listuser">
    <skipped/>
  </testcase> <!-- listuser -->
  <system-out/>
  <testcase classname="Rest_Assured.Day1" name="singleresourcenotfound">
    <skipped/>
  </testcase> <!-- singleresourcenotfound -->
  <system-out/>
  <testcase classname="Rest_Assured.Day1" name="Registeunsu">
    <skipped/>
  </testcase> <!-- Registeunsu -->
  <system-out/>
  <testcase classname="Rest_Assured.Day1" name="Singleuserunsucess">
    <skipped/>
  </testcase> <!-- Singleuserunsucess -->
  <system-out/>
  <testcase classname="Rest_Assured.Day1" name="listreso">
    <skipped/>
  </testcase> <!-- listreso -->
  <system-out/>
  <testcase classname="Rest_Assured.Day1" name="first">
    <skipped/>
  </testcase> <!-- first -->
  <system-out/>
  <testcase classname="Rest_Assured.Day1" name="Delete">
    <skipped/>
  </testcase> <!-- Delete -->
  <system-out/>
</testsuite> <!-- Rest_Assured.Day1 -->
