<?xml version="1.0" encoding="UTF-8"?>
<!-- Generated by org.testng.reporters.JUnitReportReporter -->
<testsuite hostname="DESKTOP-D36MUAQ" failures="0" tests="1" name="Rest_Assured.Trelloboard" time="9.490" errors="0" timestamp="2024-02-05T15:46:37 IST" skipped="0">
  <testcase classname="Rest_Assured.Trelloboard" name="CreateBoard" time="9.490"/>
  <system-out/>
</testsuite> <!-- Rest_Assured.Trelloboard -->
